https://dl.qqpy.sogou.com/dict/package/33/5b1e4c9e8c034a66c7bcf3a83f67a897.qcel
https://dl.qqpy.sogou.com/dict/package/88/5d97f04954848edeaf5a5aae7ea508ce.qcel
https://dl.qqpy.sogou.com/dict/package/ef/31bdd9ed4ab48d907fe7cea5c66a0b42.qcel
https://dl.qqpy.sogou.com/dict/package/c3/00c41c44fe65f8d200fec26cc3e88ae0.qcel
https://dl.qqpy.sogou.com/dict/package/eb/da7af794108236c8b1ae8e526bd52146.qcel
https://dl.qqpy.sogou.com/dict/package/3e/020369d7fa15faa5d8cf7088231297dc.qcel
https://dl.qqpy.sogou.com/dict/package/9f/5e9630bf04d59f8f4ee8c1c972894ae6.qcel
https://dl.qqpy.sogou.com/dict/package/49/88374401fd04148ee9f24fdf1100aa2d.qcel
https://dl.qqpy.sogou.com/dict/package/b7/70a758d9e3b96ff55d1c8fb8dc100a12.qcel
https://dl.qqpy.sogou.com/dict/package/87/4b80cc0bdc08d50befde8f273cbd33ad.qcel
https://dl.qqpy.sogou.com/dict/package/d9/c5cc34f7f25f3355ea9ca7bc69ecf0bc.qcel
https://dl.qqpy.sogou.com/dict/package/18/3088bfa9c9af0e5e6830d4da7871cf06.qcel
https://dl.qqpy.sogou.com/dict/package/ff/29ab2f4279d1a33821ea368f3df09078.qcel
https://dl.qqpy.sogou.com/dict/package/d1/b5e17caabc2043cca4682afcab4d0f07.qcel
https://dl.qqpy.sogou.com/dict/package/59/f0f055b12db3c460de47375d33c03110.qcel
https://dl.qqpy.sogou.com/dict/package/68/5e8c48444a387dad953ae25e057ade42.qcel
https://dl.qqpy.sogou.com/dict/package/cf/667244014ea2f3b319ef1ed7a031b93e.qcel
https://dl.qqpy.sogou.com/dict/package/00/659c44b43eb493eedeeab403f4981bc3.qcel
https://dl.qqpy.sogou.com/dict/package/7c/e17e2494a01a299cd5ff4eb44cb5905a.qcel
https://dl.qqpy.sogou.com/dict/package/c2/261a586c1a015a95a4fe5e1d1d0d9cb0.qcel
https://dl.qqpy.sogou.com/dict/package/17/145855567b1e63871452540c22807f25.qcel
https://dl.qqpy.sogou.com/dict/package/4e/fa60127f587341ad7aa08db5eded3b2f.qcel
https://dl.qqpy.sogou.com/dict/package/40/d2bc9d6d7be361476a1e31efa92b4464.qcel
https://dl.qqpy.sogou.com/dict/package/92/437ad63e2490ff58b52eec6ae34bac41.qcel
https://dl.qqpy.sogou.com/dict/package/e3/b69225b95b17aba3f59526ea7fc891d4.qcel
https://dl.qqpy.sogou.com/dict/package/6c/806ede6035cb75493c3297b50a7811e2.qcel
https://dl.qqpy.sogou.com/dict/package/4d/b7ba7ca9a08bf32e73ff0149ce4e4888.qcel
https://dl.qqpy.sogou.com/dict/package/7b/c1e4f2209ea4ce6b5868c0167d1ae94a.qcel
https://dl.qqpy.sogou.com/dict/package/0b/d9a859b2e620bcccf74503f5ecbf509c.qcel
https://dl.qqpy.sogou.com/dict/package/de/06f00489788697d39d18791cf7af2945.qcel